TN:
SF:src\controllers\userController.js
FN:4,UserController
FN:7,validateStatus
FN:23,getUsersProfile
FN:26,registationNewUser
FNF:4
FNH:4
FNDA:1,UserController
FNDA:2,validateStatus
FNDA:1,getUsersProfile
FNDA:1,registationNewUser
DA:1,1
DA:2,1
DA:3,1
DA:4,1
DA:5,1
DA:6,1
DA:7,1
DA:8,1
DA:9,1
DA:10,1
DA:11,1
DA:12,1
DA:13,1
DA:14,1
DA:15,1
DA:16,1
DA:17,1
DA:18,1
DA:19,1
DA:20,1
DA:21,1
DA:22,1
DA:23,1
DA:24,1
DA:25,1
DA:26,1
DA:27,1
DA:28,1
DA:29,1
LF:29
LH:29
BRDA:3,0,0,1
BRDA:4,1,0,1
BRDA:7,2,0,2
BRDA:23,3,0,1
BRDA:26,4,0,1
BRF:5
BRH:5
end_of_record
