TN:
SF:src\controllers\AuthController.js
FN:4,AuthService
FN:24,_callee
FN:35,_callee2
FN:35,_callee2$
FNF:4
FNH:3
FNDA:1,AuthService
FNDA:0,_callee
FNDA:1,_callee2
FNDA:3,_callee2$
DA:1,1
DA:2,1
DA:3,1
DA:4,1
DA:5,1
DA:6,1
DA:7,1
DA:8,1
DA:9,1
DA:10,1
DA:11,1
DA:12,1
DA:13,1
DA:14,1
DA:15,1
DA:16,1
DA:17,1
DA:18,1
DA:19,1
DA:20,1
DA:21,1
DA:22,1
DA:23,1
DA:24,1
DA:25,1
DA:26,1
DA:27,1
DA:28,1
DA:29,1
DA:30,1
DA:31,1
DA:32,1
DA:33,1
DA:34,1
DA:35,1
DA:36,1
DA:37,1
DA:38,0
DA:39,0
DA:40,1
DA:41,1
DA:42,1
DA:43,1
DA:44,1
DA:45,1
LF:45
LH:43
BRDA:3,0,0,1
BRDA:4,1,0,1
BRDA:23,2,0,1
BRDA:24,3,0,1
BRDA:35,4,0,1
BRDA:35,5,0,3
BRDA:35,6,0,1
BRDA:37,7,0,1
BRDA:37,8,0,0
BRF:9
BRH:8
end_of_record
TN:
SF:src\controllers\BaseController.js
FN:4,HttpClient
FN:7,validateStatus
FN:15,get
FN:19,post
FN:23,put
FN:27,_delete
FN:31,setCookie
FNF:7
FNH:4
FNDA:2,HttpClient
FNDA:2,validateStatus
FNDA:1,get
FNDA:1,post
FNDA:0,put
FNDA:0,_delete
FNDA:0,setCookie
DA:1,1
DA:2,1
DA:3,1
DA:4,1
DA:5,2
DA:6,2
DA:7,2
DA:8,2
DA:9,2
DA:10,2
DA:11,2
DA:12,2
DA:13,2
DA:14,1
DA:15,1
DA:16,1
DA:17,1
DA:18,1
DA:19,1
DA:20,1
DA:21,1
DA:22,1
DA:23,1
DA:24,0
DA:25,0
DA:26,1
DA:27,1
DA:28,0
DA:29,0
DA:30,1
DA:31,1
DA:32,0
DA:33,0
DA:34,1
DA:35,1
DA:36,1
LF:36
LH:30
BRDA:3,0,0,1
BRDA:4,1,0,2
BRDA:7,2,0,2
BRDA:15,3,0,1
BRDA:19,4,0,1
BRF:5
BRH:5
end_of_record
TN:
SF:src\controllers\UserController.js
FN:4,UserService
FN:9,_callee
FN:9,_callee$
FNF:3
FNH:3
FNDA:1,UserService
FNDA:1,_callee
FNDA:3,_callee$
DA:1,1
DA:2,1
DA:3,1
DA:4,1
DA:5,1
DA:6,1
DA:7,1
DA:8,1
DA:9,1
DA:10,1
DA:11,1
DA:12,0
DA:13,0
DA:14,1
DA:15,1
DA:16,1
DA:17,1
DA:18,1
DA:19,1
LF:19
LH:17
BRDA:3,0,0,1
BRDA:4,1,0,1
BRDA:8,2,0,1
BRDA:9,3,0,1
BRDA:9,4,0,3
BRDA:9,5,0,1
BRDA:11,6,0,1
BRDA:11,7,0,0
BRF:8
BRH:7
end_of_record
